<?xml version="1.0" encoding="UTF-8"?>
<!-- Generated by org.testng.reporters.JUnitReportReporter -->
<testsuite hostname="LAPTOP-DP77IVOI" failures="0" tests="2" name="qaclickacademy.AppiumTest" time="0.004" errors="0" timestamp="2019-09-17T23:57:51 IST" skipped="0">
  <testcase classname="qaclickacademy.AppiumTest" name="IOSApp" time="0.002"/>
  <testcase classname="qaclickacademy.AppiumTest" name="NativeAppAndroid" time="0.002"/>
</testsuite> <!-- qaclickacademy.AppiumTest -->
