<?xml version="1.0" encoding="UTF-8"?>
<!-- Generated by org.testng.reporters.JUnitReportReporter -->
<testsuite hostname="LAPTOP-DP77IVOI" failures="0" tests="2" name="qaclickacademy.SeleniumTest" time="0.002" errors="0" timestamp="2019-09-17T23:57:51 IST" skipped="0">
  <testcase classname="qaclickacademy.SeleniumTest" name="browserAutomation" time="0.001"/>
  <testcase classname="qaclickacademy.SeleniumTest" name="elementsUI" time="0.001"/>
</testsuite> <!-- qaclickacademy.SeleniumTest -->
