<?xml version="1.0" encoding="UTF-8"?>
<!-- Generated by org.testng.reporters.JUnitReportReporter -->
<testsuite hostname="LAPTOP-DP77IVOI" failures="0" tests="2" name="qaclickacademy.RestAssuredTest" time="0.022" errors="0" timestamp="2019-09-17T23:57:51 IST" skipped="0">
  <testcase classname="qaclickacademy.RestAssuredTest" name="deleteTwitter" time="0.001"/>
  <testcase classname="qaclickacademy.RestAssuredTest" name="PostJira" time="0.021"/>
</testsuite> <!-- qaclickacademy.RestAssuredTest -->
