<?xml version="1.0" encoding="UTF-8"?>
<!-- Generated by org.testng.reporters.JUnitReportReporter -->
<testsuite hostname="LAPTOP-DP77IVOI" failures="0" tests="2" name="qaclickacademy.RestAssuredTest" time="0.018" errors="0" timestamp="2019-09-15T23:54:38 IST" skipped="0">
  <testcase classname="qaclickacademy.RestAssuredTest" name="deleteTwitter" time="0.001"/>
  <testcase classname="qaclickacademy.RestAssuredTest" name="PostJira" time="0.017"/>
</testsuite> <!-- qaclickacademy.RestAssuredTest -->
